<?xml version="1.0" encoding="UTF-8"?>
<testng-results skipped="0" failed="0" ignored="0" total="1" passed="1">
  <reporter-output>
  </reporter-output>
  <suite name="Default suite" duration-ms="56740" started-at="2020-11-20T19:27:19Z" finished-at="2020-11-20T19:28:16Z">
    <groups>
    </groups>
    <test name="Default test" duration-ms="56740" started-at="2020-11-20T19:27:19Z" finished-at="2020-11-20T19:28:16Z">
      <class name="prodesp.test.documentos.TramitarDesfazerTramitacaoTest">
        <test-method status="PASS" signature="loginSucesso()[pri:0, instance:prodesp.test.documentos.TramitarDesfazerTramitacaoTest@2eae8e6e]" name="loginSucesso" is-config="true" duration-ms="17522" started-at="2020-11-20T19:27:19Z" finished-at="2020-11-20T19:27:36Z">
          <reporter-output>
          </reporter-output>
        </test-method> <!-- loginSucesso -->
        <test-method status="PASS" signature="abrirHome()[pri:0, instance:prodesp.test.documentos.TramitarDesfazerTramitacaoTest@2eae8e6e]" name="abrirHome" is-config="true" duration-ms="6249" started-at="2020-11-20T19:27:36Z" finished-at="2020-11-20T19:27:43Z">
          <reporter-output>
          </reporter-output>
        </test-method> <!-- abrirHome -->
        <test-method status="PASS" signature="CriarNovoAssinarTramitar()[pri:0, instance:prodesp.test.documentos.TramitarDesfazerTramitacaoTest@2eae8e6e]" name="CriarNovoAssinarTramitar" duration-ms="32956" started-at="2020-11-20T19:27:43Z" finished-at="2020-11-20T19:28:16Z">
          <reporter-output>
          </reporter-output>
        </test-method> <!-- CriarNovoAssinarTramitar -->
        <test-method status="PASS" signature="finalizarTeste()[pri:0, instance:prodesp.test.documentos.TramitarDesfazerTramitacaoTest@2eae8e6e]" name="finalizarTeste" is-config="true" duration-ms="0" started-at="2020-11-20T19:28:16Z" finished-at="2020-11-20T19:28:16Z">
          <reporter-output>
          </reporter-output>
        </test-method> <!-- finalizarTeste -->
      </class> <!-- prodesp.test.documentos.TramitarDesfazerTramitacaoTest -->
    </test> <!-- Default test -->
  </suite> <!-- Default suite -->
</testng-results>
